<?xml version="1.0" encoding="UTF-8"?>
<testsuite name="com.app.domain.usecases.secrets.verifyPassUseCase.VerifyPasswordUseCaseTest" tests="2" skipped="0" failures="0" errors="0" timestamp="2022-11-19T17:30:46" hostname="Home" time="0.021">
  <properties/>
  <testcase name="givenNull_verifyNoteThrows()" classname="com.app.domain.usecases.secrets.verifyPassUseCase.VerifyPasswordUseCaseTest" time="0.017"/>
  <testcase name="verifyPassword()" classname="com.app.domain.usecases.secrets.verifyPassUseCase.VerifyPasswordUseCaseTest" time="0.004"/>
  <system-out><![CDATA[]]></system-out>
  <system-err><![CDATA[]]></system-err>
</testsuite>
