<?xml version="1.0" encoding="UTF-8"?>
<testsuite name="com.app.domain.usecases.secrets.secretNoteUseCase.SecretDeleteNoteUseCaseTest" tests="2" skipped="0" failures="0" errors="0" timestamp="2022-10-22T01:37:38" hostname="Home" time="0.023">
  <properties/>
  <testcase name="givenNull_deleteNoteThrows()" classname="com.app.domain.usecases.secrets.secretNoteUseCase.SecretDeleteNoteUseCaseTest" time="0.017"/>
  <testcase name="deleteNote()" classname="com.app.domain.usecases.secrets.secretNoteUseCase.SecretDeleteNoteUseCaseTest" time="0.005"/>
  <system-out><![CDATA[]]></system-out>
  <system-err><![CDATA[]]></system-err>
</testsuite>
