<?xml version="1.0" encoding="UTF-8"?>
<testsuite name="com.app.domain.usecases.auth.signUpUseCase.SignUpUserUseCaseTest" tests="3" skipped="0" failures="0" errors="0" timestamp="2022-10-15T17:37:15" hostname="Home" time="0.037">
  <properties/>
  <testcase name="user_signup_null_test()" classname="com.app.domain.usecases.auth.signUpUseCase.SignUpUserUseCaseTest" time="0.019"/>
  <testcase name="user_signup_email_null_test()" classname="com.app.domain.usecases.auth.signUpUseCase.SignUpUserUseCaseTest" time="0.004"/>
  <testcase name="user_signup_ok_test()" classname="com.app.domain.usecases.auth.signUpUseCase.SignUpUserUseCaseTest" time="0.01"/>
  <system-out><![CDATA[]]></system-out>
  <system-err><![CDATA[]]></system-err>
</testsuite>
