<?xml version="1.0" encoding="UTF-8"?>
<testsuite name="com.app.domain.usecases.auth.validateByToken.ValidateByTokenUseCaseTest" tests="1" skipped="0" failures="0" errors="0" timestamp="2022-10-15T17:37:15" hostname="Home" time="0.017">
  <properties/>
  <testcase name="validate_bytoken_null_test()" classname="com.app.domain.usecases.auth.validateByToken.ValidateByTokenUseCaseTest" time="0.017"/>
  <system-out><![CDATA[]]></system-out>
  <system-err><![CDATA[]]></system-err>
</testsuite>
