<?xml version="1.0" encoding="UTF-8"?>
<testsuite name="com.app.domain.usecases.secrets.secretPassUseCase.SecretDeleteUseCaseTest" tests="2" skipped="0" failures="0" errors="0" timestamp="2022-11-19T17:30:46" hostname="Home" time="0.022">
  <properties/>
  <testcase name="deletePassword()" classname="com.app.domain.usecases.secrets.secretPassUseCase.SecretDeleteUseCaseTest" time="0.019"/>
  <testcase name="givenNull_deleteThrows()" classname="com.app.domain.usecases.secrets.secretPassUseCase.SecretDeleteUseCaseTest" time="0.002"/>
  <system-out><![CDATA[]]></system-out>
  <system-err><![CDATA[]]></system-err>
</testsuite>
