<?xml version="1.0" encoding="UTF-8"?>
<testsuite name="com.app.domain.usecases.secrets.secretPassUseCase.SecretUpdateUseCaseTest" tests="2" skipped="0" failures="0" errors="0" timestamp="2022-10-22T01:37:39" hostname="Home" time="0.027">
  <properties/>
  <testcase name="givenNull_updateThrows()" classname="com.app.domain.usecases.secrets.secretPassUseCase.SecretUpdateUseCaseTest" time="0.022"/>
  <testcase name="updatePassword()" classname="com.app.domain.usecases.secrets.secretPassUseCase.SecretUpdateUseCaseTest" time="0.004"/>
  <system-out><![CDATA[]]></system-out>
  <system-err><![CDATA[]]></system-err>
</testsuite>
