<?xml version="1.0" encoding="UTF-8"?>
<testsuite name="com.app.domain.usecases.auth.signUpUseCase.RegisterUserUseCaseTest" tests="3" skipped="0" failures="0" errors="0" timestamp="2022-09-23T21:27:42" hostname="ingeniero-lubuntu20" time="0.542">
  <properties/>
  <testcase name="register_usercase_emailNull()" classname="com.app.domain.usecases.auth.signUpUseCase.RegisterUserUseCaseTest" time="0.523"/>
  <testcase name="register_usercase_null()" classname="com.app.domain.usecases.auth.signUpUseCase.RegisterUserUseCaseTest" time="0.002"/>
  <testcase name="register_usercase_ok()" classname="com.app.domain.usecases.auth.signUpUseCase.RegisterUserUseCaseTest" time="0.015"/>
  <system-out><![CDATA[16:27:42.570 [Test worker] DEBUG reactor.util.Loggers - Using Slf4j logging framework
ER401
ER401
]]></system-out>
  <system-err><![CDATA[]]></system-err>
</testsuite>
