<?xml version="1.0" encoding="UTF-8"?>
<testsuite name="com.app.domain.usecases.secrets.secretPassUseCase.SecretCreatePassUseCaseTest" tests="2" skipped="0" failures="0" errors="0" timestamp="2022-11-19T17:30:46" hostname="Home" time="0.05">
  <properties/>
  <testcase name="givenNull_addThrows()" classname="com.app.domain.usecases.secrets.secretPassUseCase.SecretCreatePassUseCaseTest" time="0.042"/>
  <testcase name="registerPassword()" classname="com.app.domain.usecases.secrets.secretPassUseCase.SecretCreatePassUseCaseTest" time="0.007"/>
  <system-out><![CDATA[usecasesecretPasswordRequestDTO(name=null, username=null, password=null, URI=null, user_uid=null)
usecasesecretPasswordRequestDTO(name=algo, username=algo, password=null, URI=algo, user_uid=algo)
]]></system-out>
  <system-err><![CDATA[]]></system-err>
</testsuite>
