<?xml version="1.0" encoding="UTF-8"?>
<testsuite name="com.app.domain.usecases.secrets.verifyPassUseCase.VerifyPasswordUseCaseTest" tests="2" skipped="0" failures="0" errors="0" timestamp="2022-10-22T01:33:33" hostname="Home" time="1.42">
  <properties/>
  <testcase name="givenNull_verifyNoteThrows()" classname="com.app.domain.usecases.secrets.verifyPassUseCase.VerifyPasswordUseCaseTest" time="1.368"/>
  <testcase name="verifyPassword()" classname="com.app.domain.usecases.secrets.verifyPassUseCase.VerifyPasswordUseCaseTest" time="0.049"/>
  <system-out><![CDATA[20:33:34.259 [Test worker] DEBUG reactor.util.Loggers - Using Slf4j logging framework
]]></system-out>
  <system-err><![CDATA[]]></system-err>
</testsuite>
