<?xml version="1.0" encoding="UTF-8"?>
<testsuite name="com.app.domain.usecases.secrets.secretNoteUseCase.SecretUpdateNoteUseCaseTest" tests="2" skipped="0" failures="0" errors="0" timestamp="2022-10-22T01:37:38" hostname="Home" time="0.031">
  <properties/>
  <testcase name="updateNote()" classname="com.app.domain.usecases.secrets.secretNoteUseCase.SecretUpdateNoteUseCaseTest" time="0.028"/>
  <testcase name="givenNull_updateNoteThrows()" classname="com.app.domain.usecases.secrets.secretNoteUseCase.SecretUpdateNoteUseCaseTest" time="0.002"/>
  <system-out><![CDATA[]]></system-out>
  <system-err><![CDATA[]]></system-err>
</testsuite>
