<?xml version="1.0" encoding="UTF-8"?>
<testsuite name="com.app.domain.usecases.secrets.secretNoteUseCase.SecretCreateUseCaseTest" tests="2" skipped="0" failures="0" errors="0" timestamp="2022-11-19T17:30:46" hostname="Home" time="0.077">
  <properties/>
  <testcase name="registerNote()" classname="com.app.domain.usecases.secrets.secretNoteUseCase.SecretCreateUseCaseTest" time="0.073"/>
  <testcase name="givenNull_createNoteThrows()" classname="com.app.domain.usecases.secrets.secretNoteUseCase.SecretCreateUseCaseTest" time="0.003"/>
  <system-out><![CDATA[]]></system-out>
  <system-err><![CDATA[]]></system-err>
</testsuite>
