<?xml version="1.0" encoding="UTF-8"?>
<testsuite name="com.app.domain.usecases.auth.signUpUseCase.SignUpUserUseCaseTest" tests="3" skipped="0" failures="0" errors="0" timestamp="2022-10-22T01:37:38" hostname="Home" time="0.038">
  <properties/>
  <testcase name="user_signup_null_test()" classname="com.app.domain.usecases.auth.signUpUseCase.SignUpUserUseCaseTest" time="0.025"/>
  <testcase name="user_signup_email_null_test()" classname="com.app.domain.usecases.auth.signUpUseCase.SignUpUserUseCaseTest" time="0.003"/>
  <testcase name="user_signup_ok_test()" classname="com.app.domain.usecases.auth.signUpUseCase.SignUpUserUseCaseTest" time="0.006"/>
  <system-out><![CDATA[]]></system-out>
  <system-err><![CDATA[]]></system-err>
</testsuite>
