<?xml version="1.0" encoding="UTF-8"?>
<testsuite name="com.app.domain.usecases.secrets.secretNoteUseCase.SecretFindUseCaseTest" tests="2" skipped="0" failures="0" errors="0" timestamp="2022-11-19T17:30:46" hostname="Home" time="0.029">
  <properties/>
  <testcase name="findNote()" classname="com.app.domain.usecases.secrets.secretNoteUseCase.SecretFindUseCaseTest" time="0.024"/>
  <testcase name="givenNull_searchThrows()" classname="com.app.domain.usecases.secrets.secretNoteUseCase.SecretFindUseCaseTest" time="0.003"/>
  <system-out><![CDATA[]]></system-out>
  <system-err><![CDATA[]]></system-err>
</testsuite>
