<?xml version="1.0" encoding="UTF-8"?>
<testsuite name="com.app.domain.usecases.auth.validateByToken.ValidateByTokenUseCaseTest" tests="1" skipped="0" failures="0" errors="0" timestamp="2022-10-01T01:46:12" hostname="ingeniero-lubuntu20" time="0.509">
  <properties/>
  <testcase name="validate_bytoken_null_test()" classname="com.app.domain.usecases.auth.validateByToken.ValidateByTokenUseCaseTest" time="0.509"/>
  <system-out><![CDATA[20:46:13.244 [Test worker] DEBUG reactor.util.Loggers - Using Slf4j logging framework
]]></system-out>
  <system-err><![CDATA[]]></system-err>
</testsuite>
